[    0.000000] Linux version 4.15.0-72-generic (buildd@lcy01-amd64-026) (gcc version 7.4.0 (Ubuntu 7.4.0-1ubuntu1~18.04.1)) #81-Ubuntu SMP Tue Nov 26 12:20:02 UTC 2019 (Ubuntu 4.15.0-72.81-generic 4.15.18)
[    0.000000] Command line: BOOT_IMAGE=/boot/vmlinuz-4.15.0-72-generic root=LABEL=cloudimg-rootfs ro console=tty1 console=ttyS0
[    0.000000] KERNEL supported cpus:
[    0.000000]   Intel GenuineIntel
[    0.000000]   AMD AuthenticAMD
[    0.000000]   Centaur CentaurHauls
[    0.000000] x86/fpu: x87 FPU will use FXSAVE
[    0.000000] e820: BIOS-provided physical RAM map:
[    0.000000] BIOS-e820: [mem 0x0000000000000000-0x000000000009fbff] usable
[    0.000000] BIOS-e820: [mem 0x000000000009fc00-0x000000000009ffff] reserved
[    0.000000] BIOS-e820: [mem 0x00000000000f0000-0x00000000000fffff] reserved
[    0.000000] BIOS-e820: [mem 0x0000000000100000-0x000000003ffeffff] usable
[    0.000000] BIOS-e820: [mem 0x000000003fff0000-0x000000003fffffff] ACPI data
[    0.000000] BIOS-e820: [mem 0x00000000fec00000-0x00000000fec00fff] reserved
[    0.000000] BIOS-e820: [mem 0x00000000fee00000-0x00000000fee00fff] reserved
[    0.000000] BIOS-e820: [mem 0x00000000fffc0000-0x00000000ffffffff] reserved
[    0.000000] NX (Execute Disable) protection: active
[    0.000000] SMBIOS 2.5 present.
[    0.000000] DMI: innotek GmbH VirtualBox/VirtualBox, BIOS VirtualBox 12/01/2006
[    0.000000] Hypervisor detected: KVM
[    0.000000] e820: last_pfn = 0x3fff0 max_arch_pfn = 0x400000000
[    0.000000] MTRR: Disabled
[    0.000000] x86/PAT: MTRRs disabled, skipping PAT initialization too.
[    0.000000] CPU MTRRs all blank - virtualized system.
[    0.000000] x86/PAT: Configuration [0-7]: WB  WT  UC- UC  WB  WT  UC- UC  
[    0.000000] found SMP MP-table at [mem 0x0009fff0-0x0009ffff]
[    0.000000] Scanning 1 areas for low memory corruption
[    0.000000] RAMDISK: [mem 0x35a71000-0x36d2ffff]
[    0.000000] ACPI: Early table checksum verification disabled
[    0.000000] ACPI: RSDP 0x00000000000E0000 000024 (v02 VBOX  )
[    0.000000] ACPI: XSDT 0x000000003FFF0030 00003C (v01 VBOX   VBOXXSDT 00000001 ASL  00000061)
[    0.000000] ACPI: FACP 0x000000003FFF00F0 0000F4 (v04 VBOX   VBOXFACP 00000001 ASL  00000061)
[    0.000000] ACPI: DSDT 0x000000003FFF0470 0022EA (v02 VBOX   VBOXBIOS 00000002 INTL 20100528)
[    0.000000] ACPI: FACS 0x000000003FFF0200 000040
[    0.000000] ACPI: FACS 0x000000003FFF0200 000040
[    0.000000] ACPI: APIC 0x000000003FFF0240 00005C (v02 VBOX   VBOXAPIC 00000001 ASL  00000061)
[    0.000000] ACPI: SSDT 0x000000003FFF02A0 0001CC (v01 VBOX   VBOXCPUT 00000002 INTL 20100528)
[    0.000000] No NUMA configuration found
[    0.000000] Faking a node at [mem 0x0000000000000000-0x000000003ffeffff]
[    0.000000] NODE_DATA(0) allocated [mem 0x3ffc5000-0x3ffeffff]
[    0.000000] kvm-clock: cpu 0, msr 0:3ff44001, primary cpu clock
[    0.000000] kvm-clock: Using msrs 4b564d01 and 4b564d00
[    0.000000] kvm-clock: using sched offset of 7438189736 cycles
[    0.000000] clocksource: kvm-clock: mask: 0xffffffffffffffff max_cycles: 0x1cd42e4dffb, max_idle_ns: 881590591483 ns
[    0.000000] Zone ranges:
[    0.000000]   DMA      [mem 0x0000000000001000-0x0000000000ffffff]
[    0.000000]   DMA32    [mem 0x0000000001000000-0x000000003ffeffff]
[    0.000000]   Normal   empty
[    0.000000]   Device   empty
[    0.000000] Movable zone start for each node
[    0.000000] Early memory node ranges
[    0.000000]   node   0: [mem 0x0000000000001000-0x000000000009efff]
[    0.000000]   node   0: [mem 0x0000000000100000-0x000000003ffeffff]
[    0.000000] Reserved but unavailable: 98 pages
[    0.000000] Initmem setup node 0 [mem 0x0000000000001000-0x000000003ffeffff]
[    0.000000] ACPI: PM-Timer IO Port: 0x4008
[    0.000000] IOAPIC[0]: apic_id 2, version 32, address 0xfec00000, GSI 0-23
[    0.000000] ACPI: INT_SRC_OVR (bus 0 bus_irq 0 global_irq 2 dfl dfl)
[    0.000000] ACPI: INT_SRC_OVR (bus 0 bus_irq 9 global_irq 9 low level)
[    0.000000] Using ACPI (MADT) for SMP configuration information
[    0.000000] smpboot: Allowing 2 CPUs, 0 hotplug CPUs
[    0.000000] PM: Registered nosave memory: [mem 0x00000000-0x00000fff]
[    0.000000] PM: Registered nosave memory: [mem 0x0009f000-0x0009ffff]
[    0.000000] PM: Registered nosave memory: [mem 0x000a0000-0x000effff]
[    0.000000] PM: Registered nosave memory: [mem 0x000f0000-0x000fffff]
[    0.000000] e820: [mem 0x40000000-0xfebfffff] available for PCI devices
[    0.000000] Booting paravirtualized kernel on KVM
[    0.000000] clocksource: refined-jiffies: mask: 0xffffffff max_cycles: 0xffffffff, max_idle_ns: 7645519600211568 ns
[    0.000000] random: get_random_bytes called from start_kernel+0x99/0x4fd with crng_init=0
[    0.000000] setup_percpu: NR_CPUS:8192 nr_cpumask_bits:2 nr_cpu_ids:2 nr_node_ids:1
[    0.000000] percpu: Embedded 45 pages/cpu s147456 r8192 d28672 u1048576
[    0.000000] PV qspinlock hash table entries: 256 (order: 0, 4096 bytes)
[    0.000000] Built 1 zonelists, mobility grouping on.  Total pages: 257913
[    0.000000] Policy zone: DMA32
[    0.000000] Kernel command line: BOOT_IMAGE=/boot/vmlinuz-4.15.0-72-generic root=LABEL=cloudimg-rootfs ro console=tty1 console=ttyS0
[    0.000000] Memory: 983400K/1048120K available (12300K kernel code, 2481K rwdata, 4264K rodata, 2428K init, 2388K bss, 64720K reserved, 0K cma-reserved)
[    0.000000] SLUB: HWalign=64, Order=0-3, MinObjects=0, CPUs=2, Nodes=1
[    0.000000] Kernel/User page tables isolation: enabled
[    0.000000] ftrace: allocating 39318 entries in 154 pages
[    0.004000] Hierarchical RCU implementation.
[    0.004000] 	RCU restricting CPUs from NR_CPUS=8192 to nr_cpu_ids=2.
[    0.004000] 	Tasks RCU enabled.
[    0.004000] RCU: Adjusting geometry for rcu_fanout_leaf=16, nr_cpu_ids=2
[    0.004000] NR_IRQS: 524544, nr_irqs: 440, preallocated irqs: 16
[    0.004000] Console: colour VGA+ 80x25
[    0.004000] console [tty1] enabled
[    0.004000] console [ttyS0] enabled
[    0.004000] ACPI: Core revision 20170831
[    0.004000] ACPI: 2 ACPI AML tables successfully acquired and loaded
[    0.004000] APIC: Switch to symmetric I/O mode setup
[    0.008000] ..TIMER: vector=0x30 apic1=0 pin1=2 apic2=-1 pin2=-1
[    0.008007] tsc: Detected 1992.000 MHz processor
[    0.012014] Calibrating delay loop (skipped) preset value.. 3984.00 BogoMIPS (lpj=7968000)
[    0.016007] pid_max: default: 32768 minimum: 301
[    0.020109] Security Framework initialized
[    0.024008] Yama: becoming mindful.
[    0.028145] AppArmor: AppArmor initialized
[    0.040804] Dentry cache hash table entries: 131072 (order: 8, 1048576 bytes)
[    0.048877] Inode-cache hash table entries: 65536 (order: 7, 524288 bytes)
[    0.052148] Mount-cache hash table entries: 2048 (order: 2, 16384 bytes)
[    0.056142] Mountpoint-cache hash table entries: 2048 (order: 2, 16384 bytes)
[    0.064923] Last level iTLB entries: 4KB 64, 2MB 8, 4MB 8
[    0.068008] Last level dTLB entries: 4KB 64, 2MB 0, 4MB 0, 1GB 4
[    0.072010] Spectre V1 : Mitigation: usercopy/swapgs barriers and __user pointer sanitization
[    0.076009] Spectre V2 : Mitigation: Full generic retpoline
[    0.080014] Spectre V2 : Spectre v2 / SpectreRSB mitigation: Filling RSB on context switch
[    0.084020] Speculative Store Bypass: Vulnerable
[    0.088062] MDS: Vulnerable: Clear CPU buffers attempted, no microcode
[    0.092236] Freeing SMP alternatives memory: 36K
[    0.208647] smpboot: CPU0: Intel(R) Core(TM) i7-8550U CPU @ 1.80GHz (family: 0x6, model: 0x8e, stepping: 0xa)
[    0.212822] Performance Events: unsupported p6 CPU model 142 no PMU driver, software events only.
[    0.216214] Hierarchical SRCU implementation.
[    0.224670] NMI watchdog: Perf event create on CPU 0 failed with -2
[    0.228013] NMI watchdog: Perf NMI watchdog permanently disabled
[    0.232647] smp: Bringing up secondary CPUs ...
[    0.237674] x86: Booting SMP configuration:
[    0.240005] .... node  #0, CPUs:      #1
[    0.004000] kvm-clock: cpu 1, msr 0:3ff44041, secondary cpu clock
[    0.246009] TSC synchronization [CPU#0 -> CPU#1]:
[    0.248000] Measured 20452 cycles TSC warp between CPUs, turning off TSC clock.
[    0.248000] tsc: Marking TSC unstable due to check_tsc_sync_source failed
[    0.252376] smp: Brought up 1 node, 2 CPUs
[    0.256005] smpboot: Max logical packages: 1
[    0.260004] smpboot: Total of 2 processors activated (7968.00 BogoMIPS)
[    0.268003] devtmpfs: initialized
[    0.272127] x86/mm: Memory block size: 128MB
[    0.276655] evm: security.selinux
[    0.280004] evm: security.SMACK64
[    0.284005] evm: security.SMACK64EXEC
[    0.288003] evm: security.SMACK64TRANSMUTE
[    0.292008] evm: security.SMACK64MMAP
[    0.296004] evm: security.apparmor
[    0.300003] evm: security.ima
[    0.304003] evm: security.capability
[    0.308757] clocksource: jiffies: mask: 0xffffffff max_cycles: 0xffffffff, max_idle_ns: 7645041785100000 ns
[    0.312202] futex hash table entries: 512 (order: 3, 32768 bytes)
[    0.316678] pinctrl core: initialized pinctrl subsystem
[    0.324711] RTC time: 16:50:37, date: 12/13/19
[    0.329704] NET: Registered protocol family 16
[    0.332253] audit: initializing netlink subsys (disabled)
[    0.340370] audit: type=2000 audit(1576255846.128:1): state=initialized audit_enabled=0 res=1
[    0.356012] cpuidle: using governor ladder
[    0.360022] cpuidle: using governor menu
[    0.364065] ACPI: bus type PCI registered
[    0.368004] acpiphp: ACPI Hot Plug PCI Controller Driver version: 0.5
[    0.372964] PCI: Using configuration type 1 for base access
[    0.380640] HugeTLB registered 2.00 MiB page size, pre-allocated 0 pages
[    0.392173] ACPI: Added _OSI(Module Device)
[    0.400005] ACPI: Added _OSI(Processor Device)
[    0.408004] ACPI: Added _OSI(3.0 _SCP Extensions)
[    0.416003] ACPI: Added _OSI(Processor Aggregator Device)
[    0.424004] ACPI: Added _OSI(Linux-Dell-Video)
[    0.432007] ACPI: Added _OSI(Linux-Lenovo-NV-HDMI-Audio)
[    0.440005] ACPI: Added _OSI(Linux-HPI-Hybrid-Graphics)
[    0.449761] ACPI: Executed 1 blocks of module-level executable AML code
[    0.470022] ACPI: Interpreter enabled
[    0.476014] ACPI: (supports S0 S5)
[    0.484003] ACPI: Using IOAPIC for interrupt routing
[    0.492515] PCI: Using host bridge windows from ACPI; if necessary, use "pci=nocrs" and report a bug
[    0.504439] ACPI: Enabled 2 GPEs in block 00 to 07
[    0.526331] ACPI: PCI Root Bridge [PCI0] (domain 0000 [bus 00-ff])
[    0.536008] acpi PNP0A03:00: _OSC: OS supports [ASPM ClockPM Segments MSI]
[    0.545162] acpi PNP0A03:00: _OSC: not requesting OS control; OS requires [ExtendedConfig ASPM ClockPM MSI]
[    0.560030] acpi PNP0A03:00: fail to add MMCONFIG information, can't access extended PCI configuration space under this bridge.
[    0.580949] PCI host bridge to bus 0000:00
[    0.588006] pci_bus 0000:00: root bus resource [io  0x0000-0x0cf7 window]
[    0.596007] pci_bus 0000:00: root bus resource [io  0x0d00-0xffff window]
[    0.608009] pci_bus 0000:00: root bus resource [mem 0x000a0000-0x000bffff window]
[    0.620007] pci_bus 0000:00: root bus resource [mem 0x40000000-0xfdffffff window]
[ 0.628008] pci_bus 0000:00: root bus resource [bus 00-ff]
[    1.478441] pci 0000:00:01.1: legacy IDE quirk: reg 0x10: [io  0x01f0-0x01f7]
[    1.488013] pci 0000:00:01.1: legacy IDE quirk: reg 0x14: [io  0x03f6]
[    1.500008] pci 0000:00:01.1: legacy IDE quirk: reg 0x18: [io  0x0170-0x0177]
[    1.512008] pci 0000:00:01.1: legacy IDE quirk: reg 0x1c: [io  0x0376]
[    1.588459] pci 0000:00:07.0: quirk: [io  0x4000-0x403f] claimed by PIIX4 ACPI
[    1.608075] pci 0000:00:07.0: quirk: [io  0x4100-0x410f] claimed by PIIX4 SMB
[    1.648350] ACPI: PCI Interrupt Link [LNKA] (IRQs 5 9 10 *11)
[    1.665424] ACPI: PCI Interrupt Link [LNKB] (IRQs 5 9 *10 11)
[    1.684380] ACPI: PCI Interrupt Link [LNKC] (IRQs 5 *9 10 11)
[    1.700416] ACPI: PCI Interrupt Link [LNKD] (IRQs 5 9 10 *11)
[    1.720380] SCSI subsystem initialized
[    1.736318] pci 0000:00:02.0: vgaarb: setting as boot VGA device
[    1.740000] pci 0000:00:02.0: vgaarb: VGA device added: decodes=io+mem,owns=io+mem,locks=none
[    1.772027] pci 0000:00:02.0: vgaarb: bridge control possible
[    1.788004] vgaarb: loaded
[    1.796039] ACPI: bus type USB registered
[    1.808067] usbcore: registered new interface driver usbfs
[    1.820019] usbcore: registered new interface driver hub
[    1.836161] usbcore: registered new device driver usb
[    1.852367] EDAC MC: Ver: 3.0.0
[    1.864270] PCI: Using ACPI for IRQ routing
[    1.880002] NetLabel: Initializing
[    1.888005] NetLabel:  domain hash size = 128
[    1.900004] NetLabel:  protocols = UNLABELED CIPSOv4 CALIPSO
[    1.916056] NetLabel:  unlabeled traffic allowed by default
[    1.932006] clocksource: Switched to clocksource kvm-clock
[    2.025233] VFS: Disk quotas dquot_6.6.0
[    2.032159] VFS: Dquot-cache hash table entries: 512 (order 0, 4096 bytes)
[    2.044862] AppArmor: AppArmor Filesystem Enabled
[    2.052081] pnp: PnP ACPI init
[    2.059748] pnp: PnP ACPI: found 3 devices
[    2.075285] clocksource: acpi_pm: mask: 0xffffff max_cycles: 0xffffff, max_idle_ns: 2085701024 ns
[    2.087912] NET: Registered protocol family 2
[    2.096294] TCP established hash table entries: 8192 (order: 4, 65536 bytes)
[    2.110038] TCP bind hash table entries: 8192 (order: 5, 131072 bytes)
[    2.122775] TCP: Hash tables configured (established 8192 bind 8192)
[    2.134909] UDP hash table entries: 512 (order: 2, 16384 bytes)
[    2.144930] UDP-Lite hash table entries: 512 (order: 2, 16384 bytes)
[    2.159569] NET: Registered protocol family 1
[    2.169683] pci 0000:00:00.0: Limiting direct PCI/PCI transfers
[    2.182654] pci 0000:00:01.0: Activating ISA DMA hang workarounds
[    2.194831] pci 0000:00:02.0: Video device with shadowed ROM at [mem 0x000c0000-0x000dffff]
[    2.209127] Unpacking initramfs...
[    3.032175] Freeing initrd memory: 19196K
[    3.039132] clocksource: tsc: mask: 0xffffffffffffffff max_cycles: 0x396d519840e, max_idle_ns: 881590569543 ns
[    3.054605] platform rtc_cmos: registered platform RTC device (no PNP device found)
[    3.065698] Scanning for low memory corruption every 60 seconds
[    3.078187] Initialise system trusted keyrings
[    3.084861] Key type blacklist registered
[    3.092369] workingset: timestamp_bits=36 max_order=18 bucket_order=0
[    3.106495] zbud: loaded
[    3.113623] squashfs: version 4.0 (2009/01/31) Phillip Lougher
[    3.128871] fuse init (API version 7.26)
[    3.162570] Key type asymmetric registered
[    3.169798] Asymmetric key parser 'x509' registered
[    3.177459] Block layer SCSI generic (bsg) driver version 0.4 loaded (major 246)
[    3.187453] io scheduler noop registered
[    3.193817] io scheduler deadline registered
[    3.200636] io scheduler cfq registered (default)
[    3.208728] ACPI: AC Adapter [AC] (on-line)
[    3.215467] input: Power Button as /devices/LNXSYSTM:00/LNXPWRBN:00/input/input0
[    3.226976] ACPI: Power Button [PWRF]
[    3.232966] input: Sleep Button as /devices/LNXSYSTM:00/LNXSLPBN:00/input/input1
[    3.244168] ACPI: Sleep Button [SLPF]
[    3.252589] Serial: 8250/16550 driver, 32 ports, IRQ sharing enabled
[    3.255602] ACPI: Battery Slot [BAT0] (battery present)
[    3.306806] 00:02: ttyS0 at I/O 0x3f8 (irq = 4, base_baud = 115200) is a 16550A
[    3.321353] Linux agpgart interface v0.103
[    3.333063] loop: module loaded
[    3.341507] scsi host0: ata_piix
[    3.348971] scsi host1: ata_piix
[    3.355287] ata1: PATA max UDMA/33 cmd 0x1f0 ctl 0x3f6 bmdma 0xd000 irq 14
[    3.364630] ata2: PATA max UDMA/33 cmd 0x170 ctl 0x376 bmdma 0xd008 irq 15
[    3.374071] libphy: Fixed MDIO Bus: probed
[    3.379956] tun: Universal TUN/TAP device driver, 1.6
[    3.388410] PPP generic driver version 2.4.2
[    3.395105] ehci_hcd: USB 2.0 'Enhanced' Host Controller (EHCI) Driver
[    3.405473] ehci-pci: EHCI PCI platform driver
[    3.413558] ehci-platform: EHCI generic platform driver
[    3.422512] ohci_hcd: USB 1.1 'Open' Host Controller (OHCI) Driver
[    3.432533] ohci-pci: OHCI PCI platform driver
[    3.439565] ohci-platform: OHCI generic platform driver
[    3.447789] uhci_hcd: USB Universal Host Controller Interface driver
[    3.458894] i8042: PNP: PS/2 Controller [PNP0303:PS2K,PNP0f03:PS2M] at 0x60,0x64 irq 1,12
[    3.477435] serio: i8042 KBD port at 0x60,0x64 irq 1
[    3.484517] serio: i8042 AUX port at 0x60,0x64 irq 12
[    3.491785] mousedev: PS/2 mouse device common for all mice
[    3.501623] input: AT Translated Set 2 keyboard as /devices/platform/i8042/serio0/input/input2
[    3.502693] rtc_cmos rtc_cmos: rtc core: registered rtc_cmos as rtc0
[    3.523275] rtc_cmos rtc_cmos: alarms up to one day, 114 bytes nvram
[    3.534624] i2c /dev entries driver
[    3.541506] device-mapper: uevent: version 1.0.3
[    3.549351] device-mapper: ioctl: 4.37.0-ioctl (2017-09-20) initialised: dm-devel@redhat.com
[    3.564537] ledtrig-cpu: registered to indicate activity on CPUs
[    3.576592] NET: Registered protocol family 10
[    3.591783] Segment Routing with IPv6
[    3.596450] NET: Registered protocol family 17
[    3.603138] Key type dns_resolver registered
[    3.611322] mce: Using 0 MCE banks
[    3.617137] RAS: Correctable Errors collector initialized.
[    3.625694] sched_clock: Marking stable (3625597776, 0)->(4824633050, -1199035274)
[    3.644609] registered taskstats version 1
[    3.651677] Loading compiled-in X.509 certificates
[    3.666761] Loaded X.509 cert 'Build time autogenerated kernel key: f4f7241365689b0cbe3898188e65e316fd8f978d'
[    3.686395] zswap: loaded using pool lzo/zbud
[    3.708617] Key type big_key registered
[    3.714935] Key type trusted registered
[    3.728576] Key type encrypted registered
[    3.734119] AppArmor: AppArmor sha1 policy hashing enabled
[    3.741080] ima: No TPM chip found, activating TPM-bypass! (rc=-19)
[    3.748840] ima: Allocated hash algorithm: sha1
[    3.756181] evm: HMAC attrs: 0x1
[    3.762898]   Magic number: 15:498:843
[    3.770417] rtc_cmos rtc_cmos: setting system clock to 2019-12-13 16:50:41 UTC (1576255841)
[    3.785538] BIOS EDD facility v0.16 2004-Jun-25, 0 devices found
[    3.796581] EDD information not available.
[    3.810120] Freeing unused kernel image memory: 2428K
[    3.845475] Write protecting the kernel read-only data: 20480k
[    3.853423] Freeing unused kernel image memory: 2008K
[    3.860301] Freeing unused kernel image memory: 1880K
[    3.871394] x86/mm: Checked W+X mappings: passed, no W+X pages found.
[    3.879594] x86/mm: Checking user space page tables
[    3.893480] x86/mm: Checked W+X mappings: passed, no W+X pages found.
Loading, please wait...
starting version 237
